<?xml version="1.0" encoding="UTF-8"?>
<testsuite xmlns:xsi="http://www.w3.org/2001/XMLSchema-instance" xsi:noNamespaceSchemaLocation="https://maven.apache.org/surefire/maven-surefire-plugin/xsd/surefire-test-report.xsd" name="com.woniuxy.canteen.OrderTest" time="6.607" tests="2" errors="0" skipped="0" failures="0">
  <properties>
[...]
</properties>
  <testcase name="addTest" classname="com.woniuxy.canteen.OrderTest" time="2.267"/>
  <testcase name="listTest" classname="com.woniuxy.canteen.OrderTest" time="0.131"/>
</testsuite>